TN:
SF:src/controllers/bot.ts
FN:43,(anonymous_8)
FN:43,(anonymous_9)
FN:43,(anonymous_10)
FN:56,(anonymous_11)
FN:56,(anonymous_12)
FN:56,(anonymous_13)
FN:62,(anonymous_14)
FN:62,(anonymous_15)
FN:62,(anonymous_16)
FN:75,(anonymous_17)
FN:75,(anonymous_18)
FN:75,(anonymous_19)
FN:91,(anonymous_20)
FN:91,(anonymous_21)
FN:91,(anonymous_22)
FN:114,(anonymous_23)
FN:114,(anonymous_24)
FN:114,(anonymous_25)
FN:136,(anonymous_26)
FN:136,(anonymous_27)
FN:136,(anonymous_28)
FN:149,(anonymous_29)
FN:149,(anonymous_30)
FN:149,(anonymous_31)
FN:165,(anonymous_32)
FN:165,(anonymous_33)
FN:165,(anonymous_34)
FN:181,(anonymous_35)
FN:181,(anonymous_36)
FN:181,(anonymous_37)
FN:186,(anonymous_38)
FNF:31
FNH:31
FNDA:1,(anonymous_8)
FNDA:1,(anonymous_9)
FNDA:1,(anonymous_10)
FNDA:1,(anonymous_11)
FNDA:1,(anonymous_12)
FNDA:1,(anonymous_13)
FNDA:2,(anonymous_14)
FNDA:2,(anonymous_15)
FNDA:2,(anonymous_16)
FNDA:4,(anonymous_17)
FNDA:4,(anonymous_18)
FNDA:4,(anonymous_19)
FNDA:3,(anonymous_20)
FNDA:3,(anonymous_21)
FNDA:3,(anonymous_22)
FNDA:5,(anonymous_23)
FNDA:5,(anonymous_24)
FNDA:5,(anonymous_25)
FNDA:2,(anonymous_26)
FNDA:2,(anonymous_27)
FNDA:2,(anonymous_28)
FNDA:4,(anonymous_29)
FNDA:4,(anonymous_30)
FNDA:4,(anonymous_31)
FNDA:3,(anonymous_32)
FNDA:3,(anonymous_33)
FNDA:3,(anonymous_34)
FNDA:3,(anonymous_35)
FNDA:3,(anonymous_36)
FNDA:3,(anonymous_37)
FNDA:1,(anonymous_38)
DA:4,1
DA:6,1
DA:18,1
DA:19,1
DA:20,1
DA:27,1
DA:35,1
DA:40,1
DA:43,1
DA:44,1
DA:46,1
DA:47,1
DA:48,1
DA:51,1
DA:56,1
DA:57,1
DA:62,2
DA:63,2
DA:64,2
DA:65,2
DA:66,1
DA:67,1
DA:69,1
DA:70,1
DA:75,4
DA:76,4
DA:77,4
DA:78,3
DA:80,2
DA:81,2
DA:82,1
DA:83,1
DA:85,1
DA:86,1
DA:91,3
DA:92,3
DA:93,3
DA:95,2
DA:96,1
DA:98,1
DA:105,1
DA:114,5
DA:115,5
DA:116,5
DA:121,4
DA:122,4
DA:123,4
DA:125,3
DA:126,1
DA:127,1
DA:130,2
DA:131,2
DA:136,2
DA:137,2
DA:139,2
DA:140,1
DA:143,1
DA:144,1
DA:149,4
DA:150,4
DA:151,4
DA:156,3
DA:157,2
DA:159,1
DA:160,1
DA:165,3
DA:166,3
DA:167,3
DA:172,2
DA:173,2
DA:175,1
DA:176,1
DA:181,3
DA:182,3
DA:184,3
DA:185,2
DA:186,1
DA:189,1
DA:190,1
DA:195,1
LF:80
LH:80
BRDA:44,0,0,0
BRDA:44,0,1,1
BRDA:44,1,0,1
BRDA:44,1,1,1
BRDA:46,2,0,1
BRDA:46,2,1,0
BRDA:46,3,0,1
BRDA:46,3,1,1
BRDA:47,4,0,1
BRDA:48,5,0,1
BRDA:48,5,1,0
BRDA:48,6,0,1
BRDA:48,6,1,1
BRDA:48,7,0,0
BRDA:48,7,1,1
BRDA:48,8,0,1
BRDA:48,8,1,1
BRDA:65,9,0,1
BRDA:81,10,0,1
BRDA:125,11,0,1
BRF:20
BRH:16
end_of_record
TN:
SF:src/controllers/checkers.ts
FN:18,(anonymous_8)
FN:20,(anonymous_9)
FN:33,(anonymous_10)
FN:35,(anonymous_11)
FN:45,(anonymous_12)
FN:55,(anonymous_13)
FN:58,(anonymous_14)
FN:67,(anonymous_15)
FN:69,(anonymous_16)
FNF:9
FNH:9
FNDA:9,(anonymous_8)
FNDA:9,(anonymous_9)
FNDA:15,(anonymous_10)
FNDA:15,(anonymous_11)
FNDA:19,(anonymous_12)
FNDA:8,(anonymous_13)
FNDA:8,(anonymous_14)
FNDA:3,(anonymous_15)
FNDA:3,(anonymous_16)
DA:4,1
DA:6,1
DA:7,1
DA:8,1
DA:18,1
DA:20,9
DA:21,9
DA:23,9
DA:24,2
DA:26,7
DA:27,7
DA:28,0
DA:30,7
DA:33,1
DA:35,15
DA:36,15
DA:37,15
DA:39,15
DA:40,3
DA:42,12
DA:45,1
DA:49,19
DA:50,5
DA:52,14
DA:55,1
DA:58,8
DA:59,8
DA:61,8
DA:62,3
DA:64,5
DA:67,1
DA:69,3
DA:70,3
DA:71,3
DA:72,1
DA:75,2
LF:36
LH:35
BRDA:21,0,0,1
BRDA:21,0,1,8
BRDA:21,1,0,9
BRDA:21,1,1,9
BRDA:23,2,0,2
BRDA:27,3,0,0
BRDA:39,4,0,3
BRDA:49,5,0,5
BRDA:49,6,0,0
BRDA:49,6,1,19
BRDA:49,7,0,19
BRDA:49,7,1,19
BRDA:61,8,0,3
BRDA:71,9,0,1
BRDA:71,10,0,3
BRDA:71,10,1,3
BRF:16
BRH:14
end_of_record
TN:
SF:src/controllers/helpers.ts
FN:4,(anonymous_0)
FN:7,(anonymous_1)
FN:10,(anonymous_2)
FNF:3
FNH:3
FNDA:1,(anonymous_0)
FNDA:1,(anonymous_1)
FNDA:3,(anonymous_2)
DA:1,1
DA:4,1
DA:5,1
DA:7,1
DA:8,1
DA:10,1
DA:11,3
LF:7
LH:7
BRF:0
BRH:0
end_of_record
TN:
SF:src/dbController/database.ts
FN:5,openDb
FN:12,initializeDb
FNF:2
FNH:2
FNDA:140,openDb
FNDA:2,initializeDb
DA:1,2
DA:2,2
DA:3,2
DA:5,2
DA:6,140
DA:12,2
DA:13,2
DA:14,2
LF:8
LH:8
BRF:0
BRH:0
end_of_record
TN:
SF:src/dbController/index.ts
FNF:0
FNH:0
DA:1,1
LF:1
LH:1
BRF:0
BRH:0
end_of_record
TN:
SF:src/helpers/index.ts
FNF:0
FNH:0
DA:1,2
LF:1
LH:1
BRF:0
BRH:0
end_of_record
TN:
SF:src/helpers/log.ts
FN:1,(anonymous_0)
FN:3,(anonymous_1)
FNF:2
FNH:2
FNDA:4,(anonymous_0)
FNDA:4,(anonymous_1)
DA:1,4
DA:3,2
DA:4,4
DA:5,4
LF:4
LH:4
BRDA:4,0,0,4
BRF:1
BRH:1
end_of_record
TN:
SF:src/middlewares/applyMiddlewares.ts
FN:3,(anonymous_0)
FN:7,(anonymous_1)
FN:9,(anonymous_2)
FNF:3
FNH:3
FNDA:1,(anonymous_0)
FNDA:10,(anonymous_1)
FNDA:20,(anonymous_2)
DA:3,1
DA:7,10
DA:9,20
LF:3
LH:3
BRF:0
BRH:0
end_of_record
TN:
SF:src/middlewares/controllers.types.ts
FNF:0
FNH:0
DA:4,1
LF:1
LH:1
BRF:0
BRH:0
end_of_record
TN:
SF:src/middlewares/index.ts
FNF:0
FNH:0
DA:1,1
DA:2,1
DA:3,1
DA:4,1
LF:4
LH:4
BRF:0
BRH:0
end_of_record
TN:
SF:src/middlewares/errorHandler/CheckError.ts
FN:2,(anonymous_0)
FNF:1
FNH:1
FNDA:15,(anonymous_0)
DA:1,2
DA:3,15
DA:6,15
LF:3
LH:3
BRF:0
BRH:0
end_of_record
TN:
SF:src/middlewares/errorHandler/handleCheckErrors.ts
FN:5,(anonymous_7)
FN:5,(anonymous_8)
FN:5,(anonymous_9)
FN:5,(anonymous_10)
FNF:4
FNH:4
FNDA:13,(anonymous_7)
FNDA:31,(anonymous_8)
FNDA:31,(anonymous_9)
FNDA:31,(anonymous_10)
DA:2,2
DA:4,2
DA:5,31
DA:6,31
DA:7,31
DA:9,16
DA:10,15
DA:12,1
LF:8
LH:8
BRDA:9,0,0,15
BRDA:9,0,1,1
BRF:2
BRH:2
end_of_record
TN:
SF:src/middlewares/errorHandler/index.ts
FNF:0
FNH:0
DA:1,1
DA:2,1
LF:2
LH:2
BRF:0
BRH:0
end_of_record
TN:
SF:src/middlewares/logger/index.ts
FNF:0
FNH:0
DA:1,1
LF:1
LH:1
BRF:0
BRH:0
end_of_record
TN:
SF:src/middlewares/logger/logger.ts
FN:4,(anonymous_7)
FN:4,(anonymous_8)
FN:4,(anonymous_9)
FN:4,(anonymous_10)
FNF:4
FNH:4
FNDA:12,(anonymous_7)
FNDA:30,(anonymous_8)
FNDA:30,(anonymous_9)
FNDA:30,(anonymous_10)
DA:1,2
DA:4,30
DA:5,30
DA:6,2
DA:7,2
DA:10,30
LF:6
LH:6
BRDA:5,0,0,2
BRDA:6,1,0,1
BRDA:6,1,1,1
BRDA:6,2,0,2
BRDA:6,2,1,2
BRF:5
BRH:5
end_of_record
TN:
SF:src/models/index.ts
FNF:0
FNH:0
DA:1,1
DA:2,1
DA:3,1
LF:3
LH:3
BRF:0
BRH:0
end_of_record
TN:
SF:src/models/group/index.ts
FNF:0
FNH:0
DA:1,1
DA:2,1
LF:2
LH:2
BRF:0
BRH:0
end_of_record
TN:
SF:src/models/group/model.ts
FN:5,createGroup
FN:14,findGroupByCode
FN:21,addUserToGroup
FNF:3
FNH:3
FNDA:16,createGroup
FNDA:20,findGroupByCode
FNDA:15,addUserToGroup
DA:1,1
DA:5,1
DA:6,16
DA:7,16
DA:8,16
DA:14,1
DA:17,20
DA:18,20
DA:21,1
DA:22,15
DA:23,15
LF:11
LH:11
BRF:0
BRH:0
end_of_record
TN:
SF:src/models/movie/index.ts
FNF:0
FNH:0
DA:1,1
DA:2,1
LF:2
LH:2
BRF:0
BRH:0
end_of_record
TN:
SF:src/models/movie/model.ts
FN:5,suggestMovie
FN:33,calcMovieVotes
FN:42,hasUserMovieVote
FN:54,mapMovie
FN:60,findMovieById
FN:73,voteForMovie
FN:81,listMovies
FN:85,(anonymous_21)
FN:88,(anonymous_22)
FN:89,(anonymous_23)
FN:93,markMovieAsWatched
FN:101,markMovieAsVetoed
FNF:12
FNH:12
FNDA:7,suggestMovie
FNDA:18,calcMovieVotes
FNDA:3,hasUserMovieVote
FNDA:22,mapMovie
FNDA:19,findMovieById
FNDA:2,voteForMovie
FNDA:5,listMovies
FNDA:5,(anonymous_21)
FNDA:5,(anonymous_22)
FNDA:3,(anonymous_23)
FNDA:1,markMovieAsWatched
FNDA:1,markMovieAsVetoed
DA:1,1
DA:5,1
DA:12,7
DA:13,7
DA:18,7
DA:21,7
DA:22,0
DA:30,7
DA:34,18
DA:35,18
DA:39,18
DA:42,1
DA:46,3
DA:47,3
DA:51,3
DA:57,22
DA:60,1
DA:64,19
DA:65,19
DA:73,1
DA:74,2
DA:75,2
DA:81,1
DA:82,5
DA:83,5
DA:86,5
DA:89,5
DA:93,1
DA:94,1
DA:95,1
DA:101,1
DA:102,1
DA:103,1
LF:33
LH:32
BRDA:18,0,0,7
BRDA:18,0,1,0
BRDA:18,1,0,0
BRDA:18,1,1,7
BRDA:18,2,0,7
BRDA:18,2,1,7
BRDA:21,3,0,0
BRDA:39,4,0,18
BRDA:39,4,1,0
BRDA:39,5,0,18
BRDA:39,5,1,18
BRDA:57,6,0,22
BRDA:57,6,1,18
BRF:13
BRH:9
end_of_record
TN:
SF:src/models/user/index.ts
FNF:0
FNH:0
DA:1,1
DA:2,1
LF:2
LH:2
BRF:0
BRH:0
end_of_record
TN:
SF:src/models/user/model.ts
FN:5,createUser
FN:14,findUserByUsername
FNF:2
FNH:2
FNDA:19,createUser
FNDA:9,findUserByUsername
DA:1,1
DA:5,1
DA:6,19
DA:7,19
DA:11,19
DA:14,1
DA:17,9
DA:18,9
LF:8
LH:8
BRF:0
BRH:0
end_of_record
