TN:
SF:src/controllers/bot.ts
FN:34,(anonymous_8)
FN:34,(anonymous_9)
FN:34,(anonymous_10)
FN:41,(anonymous_11)
FN:41,(anonymous_12)
FN:47,(anonymous_13)
FN:47,(anonymous_14)
FN:47,(anonymous_15)
FN:55,(anonymous_16)
FN:55,(anonymous_17)
FN:55,(anonymous_18)
FN:82,(anonymous_19)
FN:82,(anonymous_20)
FN:82,(anonymous_21)
FN:131,(anonymous_22)
FN:131,(anonymous_23)
FN:131,(anonymous_24)
FN:158,(anonymous_25)
FN:158,(anonymous_26)
FN:158,(anonymous_27)
FN:180,(anonymous_28)
FN:180,(anonymous_29)
FN:180,(anonymous_30)
FN:208,(anonymous_31)
FN:208,(anonymous_32)
FN:208,(anonymous_33)
FN:235,(anonymous_34)
FN:235,(anonymous_35)
FN:235,(anonymous_36)
FNF:29
FNH:29
FNDA:1,(anonymous_8)
FNDA:1,(anonymous_9)
FNDA:1,(anonymous_10)
FNDA:1,(anonymous_11)
FNDA:1,(anonymous_12)
FNDA:1,(anonymous_13)
FNDA:1,(anonymous_14)
FNDA:1,(anonymous_15)
FNDA:4,(anonymous_16)
FNDA:4,(anonymous_17)
FNDA:4,(anonymous_18)
FNDA:3,(anonymous_19)
FNDA:3,(anonymous_20)
FNDA:3,(anonymous_21)
FNDA:3,(anonymous_22)
FNDA:3,(anonymous_23)
FNDA:3,(anonymous_24)
FNDA:2,(anonymous_25)
FNDA:2,(anonymous_26)
FNDA:2,(anonymous_27)
FNDA:4,(anonymous_28)
FNDA:4,(anonymous_29)
FNDA:4,(anonymous_30)
FNDA:3,(anonymous_31)
FNDA:3,(anonymous_32)
FNDA:3,(anonymous_33)
FNDA:3,(anonymous_34)
FNDA:3,(anonymous_35)
FNDA:3,(anonymous_36)
DA:4,1
DA:6,1
DA:19,1
DA:20,1
DA:26,1
DA:31,1
DA:34,1
DA:35,1
DA:36,1
DA:41,1
DA:42,1
DA:47,1
DA:48,1
DA:49,1
DA:50,1
DA:55,4
DA:56,4
DA:58,4
DA:59,1
DA:60,1
DA:63,3
DA:64,3
DA:65,1
DA:66,1
DA:69,2
DA:71,2
DA:72,2
DA:73,1
DA:74,1
DA:76,1
DA:82,3
DA:83,3
DA:84,3
DA:86,3
DA:87,0
DA:88,0
DA:91,3
DA:92,2
DA:93,2
DA:96,1
DA:98,1
DA:99,1
DA:101,1
DA:102,0
DA:103,0
DA:106,1
DA:107,0
DA:108,0
DA:111,1
DA:118,1
DA:119,0
DA:120,0
DA:122,1
DA:131,3
DA:132,3
DA:134,3
DA:135,0
DA:136,0
DA:139,3
DA:141,3
DA:142,3
DA:143,2
DA:144,2
DA:146,1
DA:148,1
DA:149,1
DA:150,1
DA:152,0
DA:158,2
DA:159,2
DA:161,2
DA:162,2
DA:163,1
DA:164,1
DA:167,1
DA:169,1
DA:171,1
DA:172,1
DA:174,0
DA:180,4
DA:181,4
DA:183,4
DA:184,1
DA:185,1
DA:188,3
DA:190,3
DA:191,3
DA:192,1
DA:193,1
DA:196,2
DA:198,2
DA:199,1
DA:200,1
DA:202,1
DA:208,3
DA:209,3
DA:211,3
DA:212,1
DA:213,1
DA:216,2
DA:217,2
DA:218,1
DA:219,1
DA:222,1
DA:223,1
DA:225,1
DA:226,1
DA:227,1
DA:229,0
DA:235,3
DA:236,3
DA:238,3
DA:239,3
DA:240,1
DA:241,1
DA:244,2
DA:246,2
DA:247,1
DA:248,1
DA:250,1
LF:120
LH:107
BRDA:58,0,0,1
BRDA:58,1,0,0
BRDA:58,1,1,4
BRDA:58,2,0,4
BRDA:58,2,1,4
BRDA:63,3,0,0
BRDA:63,3,1,3
BRDA:63,4,0,3
BRDA:63,4,1,3
BRDA:64,5,0,1
BRDA:72,6,0,1
BRDA:72,6,1,1
BRDA:84,7,0,2
BRDA:84,7,1,1
BRDA:84,8,0,3
BRDA:84,8,1,3
BRDA:86,9,0,0
BRDA:91,10,0,2
BRDA:101,11,0,0
BRDA:106,12,0,0
BRDA:118,13,0,0
BRDA:134,14,0,0
BRDA:142,15,0,2
BRDA:148,16,0,1
BRDA:148,16,1,0
BRDA:162,17,0,1
BRDA:169,18,0,1
BRDA:169,18,1,0
BRDA:169,19,0,1
BRDA:169,19,1,1
BRDA:183,20,0,1
BRDA:183,21,0,0
BRDA:183,21,1,4
BRDA:183,22,0,4
BRDA:183,22,1,4
BRDA:191,23,0,1
BRDA:198,24,0,1
BRDA:198,24,1,1
BRDA:211,25,0,1
BRDA:211,26,0,0
BRDA:211,26,1,3
BRDA:211,27,0,3
BRDA:211,27,1,3
BRDA:217,28,0,1
BRDA:225,29,0,1
BRDA:225,29,1,0
BRDA:239,30,0,1
BRDA:246,31,0,1
BRDA:246,31,1,1
BRDA:246,32,0,2
BRDA:246,32,1,2
BRF:51
BRH:39
end_of_record
TN:
SF:src/controllers/helpers.ts
FN:4,(anonymous_0)
FN:7,(anonymous_1)
FN:10,(anonymous_2)
FNF:3
FNH:3
FNDA:1,(anonymous_0)
FNDA:1,(anonymous_1)
FNDA:3,(anonymous_2)
DA:1,1
DA:4,1
DA:5,1
DA:7,1
DA:8,1
DA:10,1
DA:11,3
LF:7
LH:7
BRF:0
BRH:0
end_of_record
TN:
SF:src/dbController/database.ts
FN:5,openDb
FN:12,initializeDb
FNF:2
FNH:2
FNDA:86,openDb
FNDA:2,initializeDb
DA:1,2
DA:2,2
DA:3,2
DA:5,2
DA:6,86
DA:12,2
DA:13,2
DA:14,2
LF:8
LH:8
BRF:0
BRH:0
end_of_record
TN:
SF:src/dbController/index.ts
FNF:0
FNH:0
DA:1,1
LF:1
LH:1
BRF:0
BRH:0
end_of_record
TN:
SF:src/models/index.ts
FNF:0
FNH:0
DA:1,1
LF:1
LH:1
BRF:0
BRH:0
end_of_record
TN:
SF:src/models/movies/index.ts
FNF:0
FNH:0
DA:1,1
DA:2,1
LF:2
LH:2
BRF:0
BRH:0
end_of_record
TN:
SF:src/models/movies/model.ts
FN:4,createGroup
FN:13,findGroupByCode
FN:20,createUser
FN:26,addUserToGroup
FN:34,suggestMovie
FN:51,findMovieById
FN:62,voteForMovie
FN:67,listMovies
FN:72,markMovieAsWatched
FN:80,markMovieAsVetoed
FN:85,findUserById
FNF:11
FNH:11
FNDA:11,createGroup
FNDA:17,findGroupByCode
FNDA:13,createUser
FNDA:11,addUserToGroup
FNDA:6,suggestMovie
FNDA:13,findMovieById
FNDA:1,voteForMovie
FNDA:5,listMovies
FNDA:1,markMovieAsWatched
FNDA:1,markMovieAsVetoed
FNDA:2,findUserById
DA:1,1
DA:4,1
DA:5,11
DA:6,11
DA:7,11
DA:13,1
DA:16,17
DA:17,17
DA:20,1
DA:21,13
DA:22,13
DA:23,13
DA:26,1
DA:27,11
DA:28,11
DA:34,1
DA:41,6
DA:42,6
DA:46,6
DA:51,1
DA:55,13
DA:56,13
DA:62,1
DA:63,1
DA:64,1
DA:67,1
DA:68,5
DA:69,5
DA:72,1
DA:73,1
DA:74,1
DA:80,1
DA:81,1
DA:82,1
DA:85,1
DA:86,2
DA:87,2
LF:37
LH:37
BRDA:46,0,0,6
BRDA:46,0,1,0
BRDA:46,1,0,0
BRDA:46,1,1,6
BRDA:46,2,0,6
BRDA:46,2,1,6
BRF:6
BRH:4
end_of_record
